{"contracts/Grimoire.sol":{"l":{"321":33,"322":33,"333":8,"334":7,"335":6,"337":5,"342":4,"351":4,"356":3,"357":3,"358":3,"360":3,"370":10,"371":9,"372":342,"373":342,"374":342,"379":1,"380":1,"400":1,"408":1,"416":3,"417":3,"418":3,"419":3,"420":3,"422":3,"430":3,"433":3,"434":3,"435":12,"437":3,"440":3,"441":3,"442":18,"444":3,"447":3,"448":3,"449":15,"451":3,"454":3,"455":3,"456":18,"458":3,"461":3,"462":3,"463":9,"467":3,"475":1,"483":1,"487":5,"495":1,"503":3,"505":3,"506":3,"507":72,"508":3,"518":3,"520":3,"521":3,"522":54,"523":2,"533":3,"535":3,"536":3,"537":54,"538":4,"548":2,"557":2,"559":2,"560":8,"561":1,"564":1,"573":3,"577":3,"586":4,"590":4,"591":4,"592":4,"593":4,"594":4,"596":4,"604":4,"607":4,"608":4,"609":16,"611":4,"614":4,"615":4,"616":8,"618":4,"621":4,"622":4,"623":20,"625":4,"628":4,"629":4,"630":20,"632":4,"635":4,"636":4,"637":8,"641":4,"650":4,"654":4,"655":4,"656":4,"657":4,"658":4,"660":4,"668":4,"671":4,"672":4,"673":16,"675":4,"678":4,"679":4,"680":20,"682":4,"685":4,"686":4,"687":12,"689":4,"692":4,"693":4,"694":20,"696":4,"699":4,"700":4,"701":4,"705":4,"709":4,"710":4,"711":4,"712":4,"713":4,"714":365,"716":4,"724":3,"725":3,"726":3,"727":3,"728":3,"729":440,"731":3,"739":0,"751":5,"764":4,"765":4,"777":4,"779":4,"791":4,"807":14},"path":"/Users/ale/Desktop/WizardStorage/contracts/Grimoire.sol","s":{"1":33,"2":33,"3":8,"4":7,"5":6,"6":5,"7":4,"8":4,"9":3,"10":3,"11":3,"12":3,"13":10,"14":9,"15":342,"16":342,"17":342,"18":1,"19":1,"20":1,"21":1,"22":3,"23":3,"24":3,"25":3,"26":3,"27":3,"28":3,"29":3,"30":3,"31":12,"32":3,"33":3,"34":3,"35":18,"36":3,"37":3,"38":3,"39":15,"40":3,"41":3,"42":3,"43":18,"44":3,"45":3,"46":3,"47":9,"48":3,"49":1,"50":1,"51":5,"52":1,"53":3,"54":3,"55":3,"56":72,"57":3,"58":3,"59":3,"60":3,"61":54,"62":2,"63":3,"64":3,"65":3,"66":54,"67":4,"68":2,"69":2,"70":2,"71":8,"72":1,"73":1,"74":3,"75":3,"76":4,"77":4,"78":4,"79":4,"80":4,"81":4,"82":4,"83":4,"84":4,"85":4,"86":16,"87":4,"88":4,"89":4,"90":8,"91":4,"92":4,"93":4,"94":20,"95":4,"96":4,"97":4,"98":20,"99":4,"100":4,"101":4,"102":8,"103":4,"104":4,"105":4,"106":4,"107":4,"108":4,"109":4,"110":4,"111":4,"112":4,"113":4,"114":16,"115":4,"116":4,"117":4,"118":20,"119":4,"120":4,"121":4,"122":12,"123":4,"124":4,"125":4,"126":20,"127":4,"128":4,"129":4,"130":4,"131":4,"132":4,"133":4,"134":4,"135":4,"136":4,"137":365,"138":4,"139":3,"140":3,"141":3,"142":3,"143":3,"144":440,"145":3,"146":0,"147":5,"148":4,"149":4,"150":4,"151":4},"b":{"1":[7,1],"2":[6,1],"3":[5,1],"4":[4,1],"5":[3,1],"6":[9,1],"7":[1,0],"8":[3,0],"9":[3,0],"10":[3,0],"11":[3,0],"12":[3,0],"13":[3,69],"14":[2,52],"15":[4,50],"16":[1,7],"17":[4,0],"18":[4,0],"19":[4,0],"20":[4,0],"21":[4,0],"22":[4,0],"23":[4,0],"24":[4,0],"25":[4,0],"26":[4,0]},"f":{"1":33,"2":8,"3":10,"4":1,"5":1,"6":1,"7":3,"8":1,"9":1,"10":5,"11":1,"12":3,"13":3,"14":3,"15":2,"16":3,"17":4,"18":4,"19":4,"20":3,"21":0,"22":5,"23":4,"24":4,"25":14},"fnMap":{"1":{"name":"constructor","line":320,"loc":{"start":{"line":320,"column":4},"end":{"line":323,"column":4}}},"2":{"name":"storeWizardTraits","line":326,"loc":{"start":{"line":326,"column":4},"end":{"line":361,"column":4}}},"3":{"name":"storeTraitAffinities","line":364,"loc":{"start":{"line":364,"column":4},"end":{"line":376,"column":4}}},"4":{"name":"stopStoring","line":378,"loc":{"start":{"line":378,"column":4},"end":{"line":381,"column":4}}},"5":{"name":"getWizardTraits","line":387,"loc":{"start":{"line":387,"column":4},"end":{"line":401,"column":4}}},"6":{"name":"getTraitAffinities","line":403,"loc":{"start":{"line":403,"column":4},"end":{"line":409,"column":4}}},"7":{"name":"getAllTraitsAffinities","line":411,"loc":{"start":{"line":411,"column":4},"end":{"line":468,"column":4}}},"8":{"name":"getTraitIdentityAffinities","line":470,"loc":{"start":{"line":470,"column":4},"end":{"line":476,"column":4}}},"9":{"name":"getTraitPositiveAffinities","line":478,"loc":{"start":{"line":478,"column":4},"end":{"line":484,"column":4}}},"10":{"name":"getAffinityOccurrences","line":486,"loc":{"start":{"line":486,"column":4},"end":{"line":488,"column":4}}},"11":{"name":"getWizardName","line":490,"loc":{"start":{"line":490,"column":4},"end":{"line":496,"column":4}}},"12":{"name":"wizardAffintyCount","line":498,"loc":{"start":{"line":498,"column":4},"end":{"line":511,"column":4}}},"13":{"name":"wizardIdentityAffintyCount","line":513,"loc":{"start":{"line":513,"column":4},"end":{"line":526,"column":4}}},"14":{"name":"wizardPositiveAffintyCount","line":528,"loc":{"start":{"line":528,"column":4},"end":{"line":541,"column":4}}},"15":{"name":"wizardHasTrait","line":543,"loc":{"start":{"line":543,"column":4},"end":{"line":565,"column":4}}},"16":{"name":"getWizardAffinities","line":567,"loc":{"start":{"line":567,"column":4},"end":{"line":578,"column":4}}},"17":{"name":"getWizardIdentityAffinities","line":580,"loc":{"start":{"line":580,"column":4},"end":{"line":642,"column":4}}},"18":{"name":"getWizardPositiveAffinities","line":644,"loc":{"start":{"line":644,"column":4},"end":{"line":706,"column":4}}},"19":{"name":"getTraitName","line":708,"loc":{"start":{"line":708,"column":4},"end":{"line":717,"column":4}}},"20":{"name":"getAffinityName","line":719,"loc":{"start":{"line":719,"column":4},"end":{"line":732,"column":4}}},"21":{"name":"getWizardTraitsEncoded","line":734,"loc":{"start":{"line":734,"column":4},"end":{"line":740,"column":4}}},"22":{"name":"_verifyName","line":746,"loc":{"start":{"line":746,"column":4},"end":{"line":757,"column":4}}},"23":{"name":"_verifyEncodedTraits","line":759,"loc":{"start":{"line":759,"column":4},"end":{"line":766,"column":4}}},"24":{"name":"_encode","line":768,"loc":{"start":{"line":768,"column":4},"end":{"line":792,"column":4}}},"25":{"name":"_decode","line":794,"loc":{"start":{"line":794,"column":4},"end":{"line":818,"column":4}}}},"statementMap":{"1":{"start":{"line":321,"column":8},"end":{"line":321,"column":41}},"2":{"start":{"line":322,"column":8},"end":{"line":322,"column":39}},"3":{"start":{"line":333,"column":8},"end":{"line":333,"column":52}},"4":{"start":{"line":334,"column":8},"end":{"line":334,"column":68}},"5":{"start":{"line":335,"column":8},"end":{"line":335,"column":71}},"6":{"start":{"line":337,"column":8},"end":{"line":337,"column":12300}},"7":{"start":{"line":342,"column":8},"end":{"line":342,"column":12431}},"8":{"start":{"line":351,"column":8},"end":{"line":351,"column":12647}},"9":{"start":{"line":356,"column":8},"end":{"line":356,"column":36}},"10":{"start":{"line":357,"column":8},"end":{"line":357,"column":47}},"11":{"start":{"line":358,"column":8},"end":{"line":358,"column":39}},"12":{"start":{"line":360,"column":8},"end":{"line":360,"column":55}},"13":{"start":{"line":370,"column":8},"end":{"line":370,"column":53}},"14":{"start":{"line":371,"column":8},"end":{"line":371,"column":13293}},"15":{"start":{"line":372,"column":12},"end":{"line":372,"column":56}},"16":{"start":{"line":373,"column":12},"end":{"line":373,"column":52}},"17":{"start":{"line":374,"column":12},"end":{"line":374,"column":52}},"18":{"start":{"line":379,"column":8},"end":{"line":379,"column":59}},"19":{"start":{"line":380,"column":8},"end":{"line":380,"column":33}},"20":{"start":{"line":400,"column":8},"end":{"line":400,"column":69}},"21":{"start":{"line":408,"column":8},"end":{"line":408,"column":42}},"22":{"start":{"line":416,"column":8},"end":{"line":416,"column":68}},"23":{"start":{"line":417,"column":8},"end":{"line":417,"column":68}},"24":{"start":{"line":418,"column":8},"end":{"line":418,"column":68}},"25":{"start":{"line":419,"column":8},"end":{"line":419,"column":68}},"26":{"start":{"line":420,"column":8},"end":{"line":420,"column":68}},"27":{"start":{"line":422,"column":8},"end":{"line":422,"column":14699}},"28":{"start":{"line":430,"column":8},"end":{"line":430,"column":36}},"29":{"start":{"line":433,"column":8},"end":{"line":433,"column":15036}},"30":{"start":{"line":434,"column":12},"end":{"line":434,"column":15078}},"31":{"start":{"line":435,"column":16},"end":{"line":435,"column":48}},"32":{"start":{"line":437,"column":12},"end":{"line":437,"column":66}},"33":{"start":{"line":440,"column":8},"end":{"line":440,"column":15277}},"34":{"start":{"line":441,"column":12},"end":{"line":441,"column":15319}},"35":{"start":{"line":442,"column":16},"end":{"line":442,"column":67}},"36":{"start":{"line":444,"column":12},"end":{"line":444,"column":66}},"37":{"start":{"line":447,"column":8},"end":{"line":447,"column":15537}},"38":{"start":{"line":448,"column":12},"end":{"line":448,"column":15579}},"39":{"start":{"line":449,"column":16},"end":{"line":449,"column":67}},"40":{"start":{"line":451,"column":12},"end":{"line":451,"column":66}},"41":{"start":{"line":454,"column":8},"end":{"line":454,"column":15795}},"42":{"start":{"line":455,"column":12},"end":{"line":455,"column":15837}},"43":{"start":{"line":456,"column":16},"end":{"line":456,"column":67}},"44":{"start":{"line":458,"column":12},"end":{"line":458,"column":66}},"45":{"start":{"line":461,"column":8},"end":{"line":461,"column":16053}},"46":{"start":{"line":462,"column":12},"end":{"line":462,"column":16095}},"47":{"start":{"line":463,"column":16},"end":{"line":463,"column":67}},"48":{"start":{"line":467,"column":8},"end":{"line":467,"column":29}},"49":{"start":{"line":475,"column":8},"end":{"line":475,"column":40}},"50":{"start":{"line":483,"column":8},"end":{"line":483,"column":40}},"51":{"start":{"line":487,"column":8},"end":{"line":487,"column":38}},"52":{"start":{"line":495,"column":8},"end":{"line":495,"column":37}},"53":{"start":{"line":503,"column":8},"end":{"line":503,"column":69}},"54":{"start":{"line":505,"column":8},"end":{"line":505,"column":24}},"55":{"start":{"line":506,"column":8},"end":{"line":506,"column":17208}},"56":{"start":{"line":507,"column":12},"end":{"line":507,"column":17275}},"57":{"start":{"line":508,"column":16},"end":{"line":508,"column":33}},"58":{"start":{"line":518,"column":8},"end":{"line":518,"column":77}},"59":{"start":{"line":520,"column":8},"end":{"line":520,"column":24}},"60":{"start":{"line":521,"column":8},"end":{"line":521,"column":17698}},"61":{"start":{"line":522,"column":12},"end":{"line":522,"column":17765}},"62":{"start":{"line":523,"column":16},"end":{"line":523,"column":33}},"63":{"start":{"line":533,"column":8},"end":{"line":533,"column":77}},"64":{"start":{"line":535,"column":8},"end":{"line":535,"column":24}},"65":{"start":{"line":536,"column":8},"end":{"line":536,"column":18188}},"66":{"start":{"line":537,"column":12},"end":{"line":537,"column":18255}},"67":{"start":{"line":538,"column":16},"end":{"line":538,"column":33}},"68":{"start":{"line":548,"column":8},"end":{"line":548,"column":18516}},"69":{"start":{"line":557,"column":8},"end":{"line":557,"column":61}},"70":{"start":{"line":559,"column":8},"end":{"line":559,"column":18751}},"71":{"start":{"line":560,"column":12},"end":{"line":560,"column":18814}},"72":{"start":{"line":561,"column":16},"end":{"line":561,"column":27}},"73":{"start":{"line":564,"column":8},"end":{"line":564,"column":20}},"74":{"start":{"line":573,"column":8},"end":{"line":573,"column":19106}},"75":{"start":{"line":577,"column":8},"end":{"line":577,"column":59}},"76":{"start":{"line":586,"column":8},"end":{"line":586,"column":19486}},"77":{"start":{"line":590,"column":8},"end":{"line":590,"column":58}},"78":{"start":{"line":591,"column":8},"end":{"line":591,"column":58}},"79":{"start":{"line":592,"column":8},"end":{"line":592,"column":58}},"80":{"start":{"line":593,"column":8},"end":{"line":593,"column":58}},"81":{"start":{"line":594,"column":8},"end":{"line":594,"column":58}},"82":{"start":{"line":596,"column":8},"end":{"line":596,"column":19915}},"83":{"start":{"line":604,"column":8},"end":{"line":604,"column":36}},"84":{"start":{"line":607,"column":8},"end":{"line":607,"column":20252}},"85":{"start":{"line":608,"column":12},"end":{"line":608,"column":20286}},"86":{"start":{"line":609,"column":16},"end":{"line":609,"column":48}},"87":{"start":{"line":611,"column":12},"end":{"line":611,"column":66}},"88":{"start":{"line":614,"column":8},"end":{"line":614,"column":20485}},"89":{"start":{"line":615,"column":12},"end":{"line":615,"column":20519}},"90":{"start":{"line":616,"column":16},"end":{"line":616,"column":67}},"91":{"start":{"line":618,"column":12},"end":{"line":618,"column":66}},"92":{"start":{"line":621,"column":8},"end":{"line":621,"column":20737}},"93":{"start":{"line":622,"column":12},"end":{"line":622,"column":20771}},"94":{"start":{"line":623,"column":16},"end":{"line":623,"column":67}},"95":{"start":{"line":625,"column":12},"end":{"line":625,"column":66}},"96":{"start":{"line":628,"column":8},"end":{"line":628,"column":20987}},"97":{"start":{"line":629,"column":12},"end":{"line":629,"column":21021}},"98":{"start":{"line":630,"column":16},"end":{"line":630,"column":67}},"99":{"start":{"line":632,"column":12},"end":{"line":632,"column":66}},"100":{"start":{"line":635,"column":8},"end":{"line":635,"column":21237}},"101":{"start":{"line":636,"column":12},"end":{"line":636,"column":21271}},"102":{"start":{"line":637,"column":16},"end":{"line":637,"column":67}},"103":{"start":{"line":641,"column":8},"end":{"line":641,"column":29}},"104":{"start":{"line":650,"column":8},"end":{"line":650,"column":21641}},"105":{"start":{"line":654,"column":8},"end":{"line":654,"column":58}},"106":{"start":{"line":655,"column":8},"end":{"line":655,"column":58}},"107":{"start":{"line":656,"column":8},"end":{"line":656,"column":58}},"108":{"start":{"line":657,"column":8},"end":{"line":657,"column":58}},"109":{"start":{"line":658,"column":8},"end":{"line":658,"column":58}},"110":{"start":{"line":660,"column":8},"end":{"line":660,"column":22070}},"111":{"start":{"line":668,"column":8},"end":{"line":668,"column":36}},"112":{"start":{"line":671,"column":8},"end":{"line":671,"column":22407}},"113":{"start":{"line":672,"column":12},"end":{"line":672,"column":22441}},"114":{"start":{"line":673,"column":16},"end":{"line":673,"column":48}},"115":{"start":{"line":675,"column":12},"end":{"line":675,"column":66}},"116":{"start":{"line":678,"column":8},"end":{"line":678,"column":22640}},"117":{"start":{"line":679,"column":12},"end":{"line":679,"column":22674}},"118":{"start":{"line":680,"column":16},"end":{"line":680,"column":67}},"119":{"start":{"line":682,"column":12},"end":{"line":682,"column":66}},"120":{"start":{"line":685,"column":8},"end":{"line":685,"column":22892}},"121":{"start":{"line":686,"column":12},"end":{"line":686,"column":22926}},"122":{"start":{"line":687,"column":16},"end":{"line":687,"column":67}},"123":{"start":{"line":689,"column":12},"end":{"line":689,"column":66}},"124":{"start":{"line":692,"column":8},"end":{"line":692,"column":23142}},"125":{"start":{"line":693,"column":12},"end":{"line":693,"column":23176}},"126":{"start":{"line":694,"column":16},"end":{"line":694,"column":67}},"127":{"start":{"line":696,"column":12},"end":{"line":696,"column":66}},"128":{"start":{"line":699,"column":8},"end":{"line":699,"column":23392}},"129":{"start":{"line":700,"column":12},"end":{"line":700,"column":23426}},"130":{"start":{"line":701,"column":16},"end":{"line":701,"column":67}},"131":{"start":{"line":705,"column":8},"end":{"line":705,"column":29}},"132":{"start":{"line":709,"column":8},"end":{"line":709,"column":60}},"133":{"start":{"line":710,"column":8},"end":{"line":710,"column":40}},"134":{"start":{"line":711,"column":8},"end":{"line":711,"column":63}},"135":{"start":{"line":712,"column":8},"end":{"line":712,"column":33}},"136":{"start":{"line":713,"column":8},"end":{"line":713,"column":23894}},"137":{"start":{"line":714,"column":12},"end":{"line":714,"column":43}},"138":{"start":{"line":716,"column":8},"end":{"line":716,"column":30}},"139":{"start":{"line":724,"column":8},"end":{"line":724,"column":63}},"140":{"start":{"line":725,"column":8},"end":{"line":725,"column":40}},"141":{"start":{"line":726,"column":8},"end":{"line":726,"column":63}},"142":{"start":{"line":727,"column":8},"end":{"line":727,"column":33}},"143":{"start":{"line":728,"column":8},"end":{"line":728,"column":24353}},"144":{"start":{"line":729,"column":12},"end":{"line":729,"column":43}},"145":{"start":{"line":731,"column":8},"end":{"line":731,"column":30}},"146":{"start":{"line":739,"column":8},"end":{"line":739,"column":33}},"147":{"start":{"line":751,"column":8},"end":{"line":751,"column":24837}},"148":{"start":{"line":764,"column":8},"end":{"line":764,"column":66}},"149":{"start":{"line":765,"column":8},"end":{"line":765,"column":76}},"150":{"start":{"line":777,"column":8},"end":{"line":777,"column":41}},"151":{"start":{"line":791,"column":8},"end":{"line":791,"column":19}}},"branchMap":{"1":{"line":333,"type":"if","locations":[{"start":{"line":333,"column":8},"end":{"line":333,"column":8}},{"start":{"line":333,"column":8},"end":{"line":333,"column":8}}]},"2":{"line":334,"type":"if","locations":[{"start":{"line":334,"column":8},"end":{"line":334,"column":8}},{"start":{"line":334,"column":8},"end":{"line":334,"column":8}}]},"3":{"line":335,"type":"if","locations":[{"start":{"line":335,"column":8},"end":{"line":335,"column":8}},{"start":{"line":335,"column":8},"end":{"line":335,"column":8}}]},"4":{"line":337,"type":"if","locations":[{"start":{"line":337,"column":8},"end":{"line":337,"column":8}},{"start":{"line":337,"column":8},"end":{"line":337,"column":8}}]},"5":{"line":351,"type":"if","locations":[{"start":{"line":351,"column":8},"end":{"line":351,"column":8}},{"start":{"line":351,"column":8},"end":{"line":351,"column":8}}]},"6":{"line":370,"type":"if","locations":[{"start":{"line":370,"column":8},"end":{"line":370,"column":8}},{"start":{"line":370,"column":8},"end":{"line":370,"column":8}}]},"7":{"line":379,"type":"if","locations":[{"start":{"line":379,"column":8},"end":{"line":379,"column":8}},{"start":{"line":379,"column":8},"end":{"line":379,"column":8}}]},"8":{"line":433,"type":"if","locations":[{"start":{"line":433,"column":8},"end":{"line":433,"column":8}},{"start":{"line":433,"column":8},"end":{"line":433,"column":8}}]},"9":{"line":440,"type":"if","locations":[{"start":{"line":440,"column":8},"end":{"line":440,"column":8}},{"start":{"line":440,"column":8},"end":{"line":440,"column":8}}]},"10":{"line":447,"type":"if","locations":[{"start":{"line":447,"column":8},"end":{"line":447,"column":8}},{"start":{"line":447,"column":8},"end":{"line":447,"column":8}}]},"11":{"line":454,"type":"if","locations":[{"start":{"line":454,"column":8},"end":{"line":454,"column":8}},{"start":{"line":454,"column":8},"end":{"line":454,"column":8}}]},"12":{"line":461,"type":"if","locations":[{"start":{"line":461,"column":8},"end":{"line":461,"column":8}},{"start":{"line":461,"column":8},"end":{"line":461,"column":8}}]},"13":{"line":507,"type":"if","locations":[{"start":{"line":507,"column":12},"end":{"line":507,"column":12}},{"start":{"line":507,"column":12},"end":{"line":507,"column":12}}]},"14":{"line":522,"type":"if","locations":[{"start":{"line":522,"column":12},"end":{"line":522,"column":12}},{"start":{"line":522,"column":12},"end":{"line":522,"column":12}}]},"15":{"line":537,"type":"if","locations":[{"start":{"line":537,"column":12},"end":{"line":537,"column":12}},{"start":{"line":537,"column":12},"end":{"line":537,"column":12}}]},"16":{"line":560,"type":"if","locations":[{"start":{"line":560,"column":12},"end":{"line":560,"column":12}},{"start":{"line":560,"column":12},"end":{"line":560,"column":12}}]},"17":{"line":607,"type":"if","locations":[{"start":{"line":607,"column":8},"end":{"line":607,"column":8}},{"start":{"line":607,"column":8},"end":{"line":607,"column":8}}]},"18":{"line":614,"type":"if","locations":[{"start":{"line":614,"column":8},"end":{"line":614,"column":8}},{"start":{"line":614,"column":8},"end":{"line":614,"column":8}}]},"19":{"line":621,"type":"if","locations":[{"start":{"line":621,"column":8},"end":{"line":621,"column":8}},{"start":{"line":621,"column":8},"end":{"line":621,"column":8}}]},"20":{"line":628,"type":"if","locations":[{"start":{"line":628,"column":8},"end":{"line":628,"column":8}},{"start":{"line":628,"column":8},"end":{"line":628,"column":8}}]},"21":{"line":635,"type":"if","locations":[{"start":{"line":635,"column":8},"end":{"line":635,"column":8}},{"start":{"line":635,"column":8},"end":{"line":635,"column":8}}]},"22":{"line":671,"type":"if","locations":[{"start":{"line":671,"column":8},"end":{"line":671,"column":8}},{"start":{"line":671,"column":8},"end":{"line":671,"column":8}}]},"23":{"line":678,"type":"if","locations":[{"start":{"line":678,"column":8},"end":{"line":678,"column":8}},{"start":{"line":678,"column":8},"end":{"line":678,"column":8}}]},"24":{"line":685,"type":"if","locations":[{"start":{"line":685,"column":8},"end":{"line":685,"column":8}},{"start":{"line":685,"column":8},"end":{"line":685,"column":8}}]},"25":{"line":692,"type":"if","locations":[{"start":{"line":692,"column":8},"end":{"line":692,"column":8}},{"start":{"line":692,"column":8},"end":{"line":692,"column":8}}]},"26":{"line":699,"type":"if","locations":[{"start":{"line":699,"column":8},"end":{"line":699,"column":8}},{"start":{"line":699,"column":8},"end":{"line":699,"column":8}}]}}},"contracts/strings.sol":{"l":{"52":7,"53":0,"56":0,"57":0,"61":7,"62":7,"75":14,"76":14,"79":14,"88":7,"89":7,"90":7,"94":7,"95":7,"106":805,"107":805,"109":805,"110":805,"111":805,"113":805,"114":805,"118":805,"119":805,"120":805,"124":805,"125":7730,"126":7728,"127":7728,"131":803,"134":0,"135":0,"139":0,"140":0,"141":0,"144":0,"145":0,"149":0,"167":805,"168":805,"169":805,"170":805,"172":2,"174":803,"175":803,"177":805,"194":805},"path":"/Users/ale/Desktop/WizardStorage/contracts/strings.sol","s":{"1":7,"2":0,"3":0,"4":7,"5":14,"6":14,"7":7,"8":7,"9":7,"10":7,"11":805,"12":805,"13":805,"14":805,"15":805,"16":805,"17":805,"18":805,"19":805,"20":7730,"21":2,"22":803,"23":0,"24":0,"25":0,"26":0,"27":0,"28":0,"29":0,"30":805,"31":805,"32":805,"33":805,"34":2,"35":803,"36":803,"37":805,"38":805},"b":{"1":[805,0],"2":[805,0],"3":[2,7728],"4":[0,0],"5":[2,803]},"f":{"1":7,"2":14,"3":7,"4":805,"5":805,"6":805},"fnMap":{"1":{"name":"memcpy","line":46,"loc":{"start":{"line":46,"column":4},"end":{"line":67,"column":4}}},"2":{"name":"toSlice","line":74,"loc":{"start":{"line":74,"column":4},"end":{"line":80,"column":4}}},"3":{"name":"toString","line":87,"loc":{"start":{"line":87,"column":4},"end":{"line":96,"column":4}}},"4":{"name":"findPtr","line":100,"loc":{"start":{"line":100,"column":4},"end":{"line":150,"column":4}}},"5":{"name":"split","line":162,"loc":{"start":{"line":162,"column":4},"end":{"line":178,"column":4}}},"6":{"name":"split","line":189,"loc":{"start":{"line":189,"column":4},"end":{"line":195,"column":4}}}},"statementMap":{"1":{"start":{"line":52,"column":8},"end":{"line":52,"column":2300}},"2":{"start":{"line":56,"column":12},"end":{"line":56,"column":21}},"3":{"start":{"line":57,"column":12},"end":{"line":57,"column":20}},"4":{"start":{"line":61,"column":8},"end":{"line":61,"column":42}},"5":{"start":{"line":75,"column":8},"end":{"line":75,"column":19}},"6":{"start":{"line":79,"column":8},"end":{"line":79,"column":45}},"7":{"start":{"line":88,"column":8},"end":{"line":88,"column":49}},"8":{"start":{"line":89,"column":8},"end":{"line":89,"column":22}},"9":{"start":{"line":94,"column":8},"end":{"line":94,"column":43}},"10":{"start":{"line":95,"column":8},"end":{"line":95,"column":18}},"11":{"start":{"line":106,"column":8},"end":{"line":106,"column":29}},"12":{"start":{"line":107,"column":8},"end":{"line":107,"column":19}},"13":{"start":{"line":109,"column":8},"end":{"line":109,"column":3981}},"14":{"start":{"line":110,"column":12},"end":{"line":110,"column":4025}},"15":{"start":{"line":111,"column":16},"end":{"line":111,"column":72}},"16":{"start":{"line":113,"column":16},"end":{"line":113,"column":34}},"17":{"start":{"line":118,"column":16},"end":{"line":118,"column":59}},"18":{"start":{"line":119,"column":16},"end":{"line":119,"column":31}},"19":{"start":{"line":124,"column":16},"end":{"line":124,"column":4480}},"20":{"start":{"line":125,"column":20},"end":{"line":125,"column":60}},"21":{"start":{"line":125,"column":36},"end":{"line":125,"column":60}},"22":{"start":{"line":131,"column":16},"end":{"line":131,"column":26}},"23":{"start":{"line":134,"column":16},"end":{"line":134,"column":28}},"24":{"start":{"line":139,"column":16},"end":{"line":139,"column":4979}},"25":{"start":{"line":140,"column":20},"end":{"line":140,"column":36}},"26":{"start":{"line":144,"column":20},"end":{"line":144,"column":52}},"27":{"start":{"line":144,"column":42},"end":{"line":144,"column":52}},"28":{"start":{"line":145,"column":20},"end":{"line":145,"column":27}},"29":{"start":{"line":149,"column":8},"end":{"line":149,"column":32}},"30":{"start":{"line":167,"column":8},"end":{"line":167,"column":77}},"31":{"start":{"line":168,"column":8},"end":{"line":168,"column":29}},"32":{"start":{"line":169,"column":8},"end":{"line":169,"column":35}},"33":{"start":{"line":170,"column":8},"end":{"line":170,"column":6147}},"34":{"start":{"line":172,"column":12},"end":{"line":172,"column":24}},"35":{"start":{"line":174,"column":12},"end":{"line":174,"column":48}},"36":{"start":{"line":175,"column":12},"end":{"line":175,"column":40}},"37":{"start":{"line":177,"column":8},"end":{"line":177,"column":20}},"38":{"start":{"line":194,"column":8},"end":{"line":194,"column":33}}},"branchMap":{"1":{"line":109,"type":"if","locations":[{"start":{"line":109,"column":8},"end":{"line":109,"column":8}},{"start":{"line":109,"column":8},"end":{"line":109,"column":8}}]},"2":{"line":110,"type":"if","locations":[{"start":{"line":110,"column":12},"end":{"line":110,"column":12}},{"start":{"line":110,"column":12},"end":{"line":110,"column":12}}]},"3":{"line":125,"type":"if","locations":[{"start":{"line":125,"column":20},"end":{"line":125,"column":20}},{"start":{"line":125,"column":20},"end":{"line":125,"column":20}}]},"4":{"line":144,"type":"if","locations":[{"start":{"line":144,"column":20},"end":{"line":144,"column":20}},{"start":{"line":144,"column":20},"end":{"line":144,"column":20}}]},"5":{"line":170,"type":"if","locations":[{"start":{"line":170,"column":8},"end":{"line":170,"column":8}},{"start":{"line":170,"column":8},"end":{"line":170,"column":8}}]}}}}