{"contracts/Grimoire.sol":{"l":{"663":39,"664":39,"665":39,"676":8,"677":7,"678":6,"680":5,"685":4,"694":4,"699":3,"700":3,"701":3,"703":3,"713":11,"714":10,"715":9,"716":342,"717":342,"718":342,"723":2,"724":2,"725":1,"737":1,"753":1,"761":2,"770":2,"772":2,"773":8,"774":1,"777":1,"781":6,"789":1,"797":3,"798":3,"799":3,"800":3,"801":3,"803":3,"811":3,"814":3,"815":3,"816":12,"818":3,"821":3,"822":3,"823":18,"825":3,"828":3,"829":3,"830":15,"832":3,"835":3,"836":3,"837":18,"839":3,"842":3,"843":3,"844":9,"848":3,"856":1,"864":1,"868":5,"876":3,"878":3,"879":3,"880":72,"881":3,"891":3,"893":3,"894":3,"895":54,"896":2,"906":3,"908":3,"909":3,"910":54,"911":4,"922":3,"926":3,"935":4,"939":4,"940":4,"941":4,"942":4,"943":4,"945":4,"953":4,"956":4,"957":4,"958":16,"960":4,"963":4,"964":4,"965":8,"967":4,"970":4,"971":4,"972":20,"974":4,"977":4,"978":4,"979":20,"981":4,"984":4,"985":4,"986":8,"990":4,"999":4,"1003":4,"1004":4,"1005":4,"1006":4,"1007":4,"1009":4,"1017":4,"1020":4,"1021":4,"1022":16,"1024":4,"1027":4,"1028":4,"1029":20,"1031":4,"1034":4,"1035":4,"1036":12,"1038":4,"1041":4,"1042":4,"1043":20,"1045":4,"1048":4,"1049":4,"1050":4,"1054":4,"1058":4,"1059":4,"1060":4,"1061":4,"1062":4,"1063":365,"1065":4,"1073":3,"1074":3,"1075":3,"1076":3,"1077":3,"1078":440,"1080":3,"1088":1,"1100":5,"1113":4,"1114":4,"1126":4,"1128":4,"1140":4,"1156":14},"path":"/Users/ale/Desktop/WizardStorage/contracts/Grimoire.sol","s":{"1":39,"2":39,"3":39,"4":8,"5":7,"6":6,"7":5,"8":4,"9":4,"10":3,"11":3,"12":3,"13":3,"14":11,"15":10,"16":9,"17":342,"18":342,"19":342,"20":2,"21":2,"22":1,"23":1,"24":1,"25":2,"26":2,"27":2,"28":8,"29":1,"30":1,"31":6,"32":1,"33":3,"34":3,"35":3,"36":3,"37":3,"38":3,"39":3,"40":3,"41":3,"42":12,"43":3,"44":3,"45":3,"46":18,"47":3,"48":3,"49":3,"50":15,"51":3,"52":3,"53":3,"54":18,"55":3,"56":3,"57":3,"58":9,"59":3,"60":1,"61":1,"62":5,"63":3,"64":3,"65":3,"66":72,"67":3,"68":3,"69":3,"70":3,"71":54,"72":2,"73":3,"74":3,"75":3,"76":54,"77":4,"78":3,"79":3,"80":4,"81":4,"82":4,"83":4,"84":4,"85":4,"86":4,"87":4,"88":4,"89":4,"90":16,"91":4,"92":4,"93":4,"94":8,"95":4,"96":4,"97":4,"98":20,"99":4,"100":4,"101":4,"102":20,"103":4,"104":4,"105":4,"106":8,"107":4,"108":4,"109":4,"110":4,"111":4,"112":4,"113":4,"114":4,"115":4,"116":4,"117":4,"118":16,"119":4,"120":4,"121":4,"122":20,"123":4,"124":4,"125":4,"126":12,"127":4,"128":4,"129":4,"130":20,"131":4,"132":4,"133":4,"134":4,"135":4,"136":4,"137":4,"138":4,"139":4,"140":4,"141":365,"142":4,"143":3,"144":3,"145":3,"146":3,"147":3,"148":440,"149":3,"150":1,"151":5,"152":4,"153":4,"154":4,"155":4},"b":{"1":[7,1],"2":[6,1],"3":[5,1],"4":[4,1],"5":[3,1],"6":[10,1],"7":[9,1],"8":[2,0],"9":[1,1],"10":[1,7],"11":[3,0],"12":[3,0],"13":[3,0],"14":[3,0],"15":[3,0],"16":[3,69],"17":[2,52],"18":[4,50],"19":[4,0],"20":[4,0],"21":[4,0],"22":[4,0],"23":[4,0],"24":[4,0],"25":[4,0],"26":[4,0],"27":[4,0],"28":[4,0]},"f":{"1":39,"2":8,"3":11,"4":2,"5":1,"6":1,"7":2,"8":6,"9":1,"10":3,"11":1,"12":1,"13":5,"14":3,"15":3,"16":3,"17":3,"18":4,"19":4,"20":4,"21":3,"22":1,"23":5,"24":4,"25":4,"26":14},"fnMap":{"1":{"name":"constructor","line":662,"loc":{"start":{"line":662,"column":4},"end":{"line":666,"column":4}}},"2":{"name":"storeWizardTraits","line":669,"loc":{"start":{"line":669,"column":4},"end":{"line":704,"column":4}}},"3":{"name":"storeTraitAffinities","line":707,"loc":{"start":{"line":707,"column":4},"end":{"line":720,"column":4}}},"4":{"name":"stopStoring","line":722,"loc":{"start":{"line":722,"column":4},"end":{"line":726,"column":4}}},"5":{"name":"getWizardName","line":732,"loc":{"start":{"line":732,"column":4},"end":{"line":738,"column":4}}},"6":{"name":"getWizardTraits","line":740,"loc":{"start":{"line":740,"column":4},"end":{"line":754,"column":4}}},"7":{"name":"getWizardHasTrait","line":756,"loc":{"start":{"line":756,"column":4},"end":{"line":778,"column":4}}},"8":{"name":"getTraitOccurrences","line":780,"loc":{"start":{"line":780,"column":4},"end":{"line":782,"column":4}}},"9":{"name":"getTraitAffinities","line":784,"loc":{"start":{"line":784,"column":4},"end":{"line":790,"column":4}}},"10":{"name":"getAllTraitsAffinities","line":792,"loc":{"start":{"line":792,"column":4},"end":{"line":849,"column":4}}},"11":{"name":"getTraitIdentityAffinities","line":851,"loc":{"start":{"line":851,"column":4},"end":{"line":857,"column":4}}},"12":{"name":"getTraitPositiveAffinities","line":859,"loc":{"start":{"line":859,"column":4},"end":{"line":865,"column":4}}},"13":{"name":"getAffinityOccurrences","line":867,"loc":{"start":{"line":867,"column":4},"end":{"line":869,"column":4}}},"14":{"name":"getWizardAffintyCount","line":871,"loc":{"start":{"line":871,"column":4},"end":{"line":884,"column":4}}},"15":{"name":"getWizardIdentityAffintyCount","line":886,"loc":{"start":{"line":886,"column":4},"end":{"line":899,"column":4}}},"16":{"name":"getWizardPositiveAffintyCount","line":901,"loc":{"start":{"line":901,"column":4},"end":{"line":914,"column":4}}},"17":{"name":"getWizardAffinities","line":916,"loc":{"start":{"line":916,"column":4},"end":{"line":927,"column":4}}},"18":{"name":"getWizardIdentityAffinities","line":929,"loc":{"start":{"line":929,"column":4},"end":{"line":991,"column":4}}},"19":{"name":"getWizardPositiveAffinities","line":993,"loc":{"start":{"line":993,"column":4},"end":{"line":1055,"column":4}}},"20":{"name":"getTraitName","line":1057,"loc":{"start":{"line":1057,"column":4},"end":{"line":1066,"column":4}}},"21":{"name":"getAffinityName","line":1068,"loc":{"start":{"line":1068,"column":4},"end":{"line":1081,"column":4}}},"22":{"name":"getWizardTraitsEncoded","line":1083,"loc":{"start":{"line":1083,"column":4},"end":{"line":1089,"column":4}}},"23":{"name":"_verifyName","line":1095,"loc":{"start":{"line":1095,"column":4},"end":{"line":1106,"column":4}}},"24":{"name":"_verifyEncodedTraits","line":1108,"loc":{"start":{"line":1108,"column":4},"end":{"line":1115,"column":4}}},"25":{"name":"_encode","line":1117,"loc":{"start":{"line":1117,"column":4},"end":{"line":1141,"column":4}}},"26":{"name":"_decode","line":1143,"loc":{"start":{"line":1143,"column":4},"end":{"line":1167,"column":4}}}},"statementMap":{"1":{"start":{"line":663,"column":8},"end":{"line":663,"column":33}},"2":{"start":{"line":664,"column":8},"end":{"line":664,"column":41}},"3":{"start":{"line":665,"column":8},"end":{"line":665,"column":39}},"4":{"start":{"line":676,"column":8},"end":{"line":676,"column":52}},"5":{"start":{"line":677,"column":8},"end":{"line":677,"column":68}},"6":{"start":{"line":678,"column":8},"end":{"line":678,"column":71}},"7":{"start":{"line":680,"column":8},"end":{"line":680,"column":16630}},"8":{"start":{"line":685,"column":8},"end":{"line":685,"column":16761}},"9":{"start":{"line":694,"column":8},"end":{"line":694,"column":16977}},"10":{"start":{"line":699,"column":8},"end":{"line":699,"column":36}},"11":{"start":{"line":700,"column":8},"end":{"line":700,"column":47}},"12":{"start":{"line":701,"column":8},"end":{"line":701,"column":39}},"13":{"start":{"line":703,"column":8},"end":{"line":703,"column":55}},"14":{"start":{"line":713,"column":8},"end":{"line":713,"column":53}},"15":{"start":{"line":714,"column":8},"end":{"line":714,"column":65}},"16":{"start":{"line":715,"column":8},"end":{"line":715,"column":17691}},"17":{"start":{"line":716,"column":12},"end":{"line":716,"column":56}},"18":{"start":{"line":717,"column":12},"end":{"line":717,"column":52}},"19":{"start":{"line":718,"column":12},"end":{"line":718,"column":52}},"20":{"start":{"line":723,"column":8},"end":{"line":723,"column":59}},"21":{"start":{"line":724,"column":8},"end":{"line":724,"column":65}},"22":{"start":{"line":725,"column":8},"end":{"line":725,"column":33}},"23":{"start":{"line":737,"column":8},"end":{"line":737,"column":37}},"24":{"start":{"line":753,"column":8},"end":{"line":753,"column":69}},"25":{"start":{"line":761,"column":8},"end":{"line":761,"column":18830}},"26":{"start":{"line":770,"column":8},"end":{"line":770,"column":61}},"27":{"start":{"line":772,"column":8},"end":{"line":772,"column":19065}},"28":{"start":{"line":773,"column":12},"end":{"line":773,"column":19128}},"29":{"start":{"line":774,"column":16},"end":{"line":774,"column":27}},"30":{"start":{"line":777,"column":8},"end":{"line":777,"column":20}},"31":{"start":{"line":781,"column":8},"end":{"line":781,"column":35}},"32":{"start":{"line":789,"column":8},"end":{"line":789,"column":42}},"33":{"start":{"line":797,"column":8},"end":{"line":797,"column":68}},"34":{"start":{"line":798,"column":8},"end":{"line":798,"column":68}},"35":{"start":{"line":799,"column":8},"end":{"line":799,"column":68}},"36":{"start":{"line":800,"column":8},"end":{"line":800,"column":68}},"37":{"start":{"line":801,"column":8},"end":{"line":801,"column":68}},"38":{"start":{"line":803,"column":8},"end":{"line":803,"column":20011}},"39":{"start":{"line":811,"column":8},"end":{"line":811,"column":36}},"40":{"start":{"line":814,"column":8},"end":{"line":814,"column":20348}},"41":{"start":{"line":815,"column":12},"end":{"line":815,"column":20390}},"42":{"start":{"line":816,"column":16},"end":{"line":816,"column":48}},"43":{"start":{"line":818,"column":12},"end":{"line":818,"column":66}},"44":{"start":{"line":821,"column":8},"end":{"line":821,"column":20589}},"45":{"start":{"line":822,"column":12},"end":{"line":822,"column":20631}},"46":{"start":{"line":823,"column":16},"end":{"line":823,"column":67}},"47":{"start":{"line":825,"column":12},"end":{"line":825,"column":66}},"48":{"start":{"line":828,"column":8},"end":{"line":828,"column":20849}},"49":{"start":{"line":829,"column":12},"end":{"line":829,"column":20891}},"50":{"start":{"line":830,"column":16},"end":{"line":830,"column":67}},"51":{"start":{"line":832,"column":12},"end":{"line":832,"column":66}},"52":{"start":{"line":835,"column":8},"end":{"line":835,"column":21107}},"53":{"start":{"line":836,"column":12},"end":{"line":836,"column":21149}},"54":{"start":{"line":837,"column":16},"end":{"line":837,"column":67}},"55":{"start":{"line":839,"column":12},"end":{"line":839,"column":66}},"56":{"start":{"line":842,"column":8},"end":{"line":842,"column":21365}},"57":{"start":{"line":843,"column":12},"end":{"line":843,"column":21407}},"58":{"start":{"line":844,"column":16},"end":{"line":844,"column":67}},"59":{"start":{"line":848,"column":8},"end":{"line":848,"column":29}},"60":{"start":{"line":856,"column":8},"end":{"line":856,"column":40}},"61":{"start":{"line":864,"column":8},"end":{"line":864,"column":40}},"62":{"start":{"line":868,"column":8},"end":{"line":868,"column":38}},"63":{"start":{"line":876,"column":8},"end":{"line":876,"column":69}},"64":{"start":{"line":878,"column":8},"end":{"line":878,"column":24}},"65":{"start":{"line":879,"column":8},"end":{"line":879,"column":22366}},"66":{"start":{"line":880,"column":12},"end":{"line":880,"column":22433}},"67":{"start":{"line":881,"column":16},"end":{"line":881,"column":33}},"68":{"start":{"line":891,"column":8},"end":{"line":891,"column":77}},"69":{"start":{"line":893,"column":8},"end":{"line":893,"column":24}},"70":{"start":{"line":894,"column":8},"end":{"line":894,"column":22859}},"71":{"start":{"line":895,"column":12},"end":{"line":895,"column":22926}},"72":{"start":{"line":896,"column":16},"end":{"line":896,"column":33}},"73":{"start":{"line":906,"column":8},"end":{"line":906,"column":77}},"74":{"start":{"line":908,"column":8},"end":{"line":908,"column":24}},"75":{"start":{"line":909,"column":8},"end":{"line":909,"column":23352}},"76":{"start":{"line":910,"column":12},"end":{"line":910,"column":23419}},"77":{"start":{"line":911,"column":16},"end":{"line":911,"column":33}},"78":{"start":{"line":922,"column":8},"end":{"line":922,"column":23703}},"79":{"start":{"line":926,"column":8},"end":{"line":926,"column":59}},"80":{"start":{"line":935,"column":8},"end":{"line":935,"column":24083}},"81":{"start":{"line":939,"column":8},"end":{"line":939,"column":58}},"82":{"start":{"line":940,"column":8},"end":{"line":940,"column":58}},"83":{"start":{"line":941,"column":8},"end":{"line":941,"column":58}},"84":{"start":{"line":942,"column":8},"end":{"line":942,"column":58}},"85":{"start":{"line":943,"column":8},"end":{"line":943,"column":58}},"86":{"start":{"line":945,"column":8},"end":{"line":945,"column":24512}},"87":{"start":{"line":953,"column":8},"end":{"line":953,"column":36}},"88":{"start":{"line":956,"column":8},"end":{"line":956,"column":24849}},"89":{"start":{"line":957,"column":12},"end":{"line":957,"column":24883}},"90":{"start":{"line":958,"column":16},"end":{"line":958,"column":48}},"91":{"start":{"line":960,"column":12},"end":{"line":960,"column":66}},"92":{"start":{"line":963,"column":8},"end":{"line":963,"column":25082}},"93":{"start":{"line":964,"column":12},"end":{"line":964,"column":25116}},"94":{"start":{"line":965,"column":16},"end":{"line":965,"column":67}},"95":{"start":{"line":967,"column":12},"end":{"line":967,"column":66}},"96":{"start":{"line":970,"column":8},"end":{"line":970,"column":25334}},"97":{"start":{"line":971,"column":12},"end":{"line":971,"column":25368}},"98":{"start":{"line":972,"column":16},"end":{"line":972,"column":67}},"99":{"start":{"line":974,"column":12},"end":{"line":974,"column":66}},"100":{"start":{"line":977,"column":8},"end":{"line":977,"column":25584}},"101":{"start":{"line":978,"column":12},"end":{"line":978,"column":25618}},"102":{"start":{"line":979,"column":16},"end":{"line":979,"column":67}},"103":{"start":{"line":981,"column":12},"end":{"line":981,"column":66}},"104":{"start":{"line":984,"column":8},"end":{"line":984,"column":25834}},"105":{"start":{"line":985,"column":12},"end":{"line":985,"column":25868}},"106":{"start":{"line":986,"column":16},"end":{"line":986,"column":67}},"107":{"start":{"line":990,"column":8},"end":{"line":990,"column":29}},"108":{"start":{"line":999,"column":8},"end":{"line":999,"column":26238}},"109":{"start":{"line":1003,"column":8},"end":{"line":1003,"column":58}},"110":{"start":{"line":1004,"column":8},"end":{"line":1004,"column":58}},"111":{"start":{"line":1005,"column":8},"end":{"line":1005,"column":58}},"112":{"start":{"line":1006,"column":8},"end":{"line":1006,"column":58}},"113":{"start":{"line":1007,"column":8},"end":{"line":1007,"column":58}},"114":{"start":{"line":1009,"column":8},"end":{"line":1009,"column":26667}},"115":{"start":{"line":1017,"column":8},"end":{"line":1017,"column":36}},"116":{"start":{"line":1020,"column":8},"end":{"line":1020,"column":27004}},"117":{"start":{"line":1021,"column":12},"end":{"line":1021,"column":27038}},"118":{"start":{"line":1022,"column":16},"end":{"line":1022,"column":48}},"119":{"start":{"line":1024,"column":12},"end":{"line":1024,"column":66}},"120":{"start":{"line":1027,"column":8},"end":{"line":1027,"column":27237}},"121":{"start":{"line":1028,"column":12},"end":{"line":1028,"column":27271}},"122":{"start":{"line":1029,"column":16},"end":{"line":1029,"column":67}},"123":{"start":{"line":1031,"column":12},"end":{"line":1031,"column":66}},"124":{"start":{"line":1034,"column":8},"end":{"line":1034,"column":27489}},"125":{"start":{"line":1035,"column":12},"end":{"line":1035,"column":27523}},"126":{"start":{"line":1036,"column":16},"end":{"line":1036,"column":67}},"127":{"start":{"line":1038,"column":12},"end":{"line":1038,"column":66}},"128":{"start":{"line":1041,"column":8},"end":{"line":1041,"column":27739}},"129":{"start":{"line":1042,"column":12},"end":{"line":1042,"column":27773}},"130":{"start":{"line":1043,"column":16},"end":{"line":1043,"column":67}},"131":{"start":{"line":1045,"column":12},"end":{"line":1045,"column":66}},"132":{"start":{"line":1048,"column":8},"end":{"line":1048,"column":27989}},"133":{"start":{"line":1049,"column":12},"end":{"line":1049,"column":28023}},"134":{"start":{"line":1050,"column":16},"end":{"line":1050,"column":67}},"135":{"start":{"line":1054,"column":8},"end":{"line":1054,"column":29}},"136":{"start":{"line":1058,"column":8},"end":{"line":1058,"column":60}},"137":{"start":{"line":1059,"column":8},"end":{"line":1059,"column":40}},"138":{"start":{"line":1060,"column":8},"end":{"line":1060,"column":63}},"139":{"start":{"line":1061,"column":8},"end":{"line":1061,"column":33}},"140":{"start":{"line":1062,"column":8},"end":{"line":1062,"column":28491}},"141":{"start":{"line":1063,"column":12},"end":{"line":1063,"column":43}},"142":{"start":{"line":1065,"column":8},"end":{"line":1065,"column":30}},"143":{"start":{"line":1073,"column":8},"end":{"line":1073,"column":63}},"144":{"start":{"line":1074,"column":8},"end":{"line":1074,"column":40}},"145":{"start":{"line":1075,"column":8},"end":{"line":1075,"column":63}},"146":{"start":{"line":1076,"column":8},"end":{"line":1076,"column":33}},"147":{"start":{"line":1077,"column":8},"end":{"line":1077,"column":28950}},"148":{"start":{"line":1078,"column":12},"end":{"line":1078,"column":43}},"149":{"start":{"line":1080,"column":8},"end":{"line":1080,"column":30}},"150":{"start":{"line":1088,"column":8},"end":{"line":1088,"column":33}},"151":{"start":{"line":1100,"column":8},"end":{"line":1100,"column":29434}},"152":{"start":{"line":1113,"column":8},"end":{"line":1113,"column":66}},"153":{"start":{"line":1114,"column":8},"end":{"line":1114,"column":76}},"154":{"start":{"line":1126,"column":8},"end":{"line":1126,"column":41}},"155":{"start":{"line":1140,"column":8},"end":{"line":1140,"column":19}}},"branchMap":{"1":{"line":676,"type":"if","locations":[{"start":{"line":676,"column":8},"end":{"line":676,"column":8}},{"start":{"line":676,"column":8},"end":{"line":676,"column":8}}]},"2":{"line":677,"type":"if","locations":[{"start":{"line":677,"column":8},"end":{"line":677,"column":8}},{"start":{"line":677,"column":8},"end":{"line":677,"column":8}}]},"3":{"line":678,"type":"if","locations":[{"start":{"line":678,"column":8},"end":{"line":678,"column":8}},{"start":{"line":678,"column":8},"end":{"line":678,"column":8}}]},"4":{"line":680,"type":"if","locations":[{"start":{"line":680,"column":8},"end":{"line":680,"column":8}},{"start":{"line":680,"column":8},"end":{"line":680,"column":8}}]},"5":{"line":694,"type":"if","locations":[{"start":{"line":694,"column":8},"end":{"line":694,"column":8}},{"start":{"line":694,"column":8},"end":{"line":694,"column":8}}]},"6":{"line":713,"type":"if","locations":[{"start":{"line":713,"column":8},"end":{"line":713,"column":8}},{"start":{"line":713,"column":8},"end":{"line":713,"column":8}}]},"7":{"line":714,"type":"if","locations":[{"start":{"line":714,"column":8},"end":{"line":714,"column":8}},{"start":{"line":714,"column":8},"end":{"line":714,"column":8}}]},"8":{"line":723,"type":"if","locations":[{"start":{"line":723,"column":8},"end":{"line":723,"column":8}},{"start":{"line":723,"column":8},"end":{"line":723,"column":8}}]},"9":{"line":724,"type":"if","locations":[{"start":{"line":724,"column":8},"end":{"line":724,"column":8}},{"start":{"line":724,"column":8},"end":{"line":724,"column":8}}]},"10":{"line":773,"type":"if","locations":[{"start":{"line":773,"column":12},"end":{"line":773,"column":12}},{"start":{"line":773,"column":12},"end":{"line":773,"column":12}}]},"11":{"line":814,"type":"if","locations":[{"start":{"line":814,"column":8},"end":{"line":814,"column":8}},{"start":{"line":814,"column":8},"end":{"line":814,"column":8}}]},"12":{"line":821,"type":"if","locations":[{"start":{"line":821,"column":8},"end":{"line":821,"column":8}},{"start":{"line":821,"column":8},"end":{"line":821,"column":8}}]},"13":{"line":828,"type":"if","locations":[{"start":{"line":828,"column":8},"end":{"line":828,"column":8}},{"start":{"line":828,"column":8},"end":{"line":828,"column":8}}]},"14":{"line":835,"type":"if","locations":[{"start":{"line":835,"column":8},"end":{"line":835,"column":8}},{"start":{"line":835,"column":8},"end":{"line":835,"column":8}}]},"15":{"line":842,"type":"if","locations":[{"start":{"line":842,"column":8},"end":{"line":842,"column":8}},{"start":{"line":842,"column":8},"end":{"line":842,"column":8}}]},"16":{"line":880,"type":"if","locations":[{"start":{"line":880,"column":12},"end":{"line":880,"column":12}},{"start":{"line":880,"column":12},"end":{"line":880,"column":12}}]},"17":{"line":895,"type":"if","locations":[{"start":{"line":895,"column":12},"end":{"line":895,"column":12}},{"start":{"line":895,"column":12},"end":{"line":895,"column":12}}]},"18":{"line":910,"type":"if","locations":[{"start":{"line":910,"column":12},"end":{"line":910,"column":12}},{"start":{"line":910,"column":12},"end":{"line":910,"column":12}}]},"19":{"line":956,"type":"if","locations":[{"start":{"line":956,"column":8},"end":{"line":956,"column":8}},{"start":{"line":956,"column":8},"end":{"line":956,"column":8}}]},"20":{"line":963,"type":"if","locations":[{"start":{"line":963,"column":8},"end":{"line":963,"column":8}},{"start":{"line":963,"column":8},"end":{"line":963,"column":8}}]},"21":{"line":970,"type":"if","locations":[{"start":{"line":970,"column":8},"end":{"line":970,"column":8}},{"start":{"line":970,"column":8},"end":{"line":970,"column":8}}]},"22":{"line":977,"type":"if","locations":[{"start":{"line":977,"column":8},"end":{"line":977,"column":8}},{"start":{"line":977,"column":8},"end":{"line":977,"column":8}}]},"23":{"line":984,"type":"if","locations":[{"start":{"line":984,"column":8},"end":{"line":984,"column":8}},{"start":{"line":984,"column":8},"end":{"line":984,"column":8}}]},"24":{"line":1020,"type":"if","locations":[{"start":{"line":1020,"column":8},"end":{"line":1020,"column":8}},{"start":{"line":1020,"column":8},"end":{"line":1020,"column":8}}]},"25":{"line":1027,"type":"if","locations":[{"start":{"line":1027,"column":8},"end":{"line":1027,"column":8}},{"start":{"line":1027,"column":8},"end":{"line":1027,"column":8}}]},"26":{"line":1034,"type":"if","locations":[{"start":{"line":1034,"column":8},"end":{"line":1034,"column":8}},{"start":{"line":1034,"column":8},"end":{"line":1034,"column":8}}]},"27":{"line":1041,"type":"if","locations":[{"start":{"line":1041,"column":8},"end":{"line":1041,"column":8}},{"start":{"line":1041,"column":8},"end":{"line":1041,"column":8}}]},"28":{"line":1048,"type":"if","locations":[{"start":{"line":1048,"column":8},"end":{"line":1048,"column":8}},{"start":{"line":1048,"column":8},"end":{"line":1048,"column":8}}]}}},"contracts/strings.sol":{"l":{"52":7,"53":0,"56":0,"57":0,"61":7,"62":7,"75":14,"76":14,"79":14,"88":7,"89":7,"90":7,"94":7,"95":7,"106":805,"107":805,"109":805,"110":805,"111":805,"113":805,"114":805,"118":805,"119":805,"120":805,"124":805,"125":7730,"126":7728,"127":7728,"131":803,"134":0,"135":0,"139":0,"140":0,"141":0,"144":0,"145":0,"149":0,"167":805,"168":805,"169":805,"170":805,"172":2,"174":803,"175":803,"177":805,"194":805},"path":"/Users/ale/Desktop/WizardStorage/contracts/strings.sol","s":{"1":7,"2":0,"3":0,"4":7,"5":14,"6":14,"7":7,"8":7,"9":7,"10":7,"11":805,"12":805,"13":805,"14":805,"15":805,"16":805,"17":805,"18":805,"19":805,"20":7730,"21":2,"22":803,"23":0,"24":0,"25":0,"26":0,"27":0,"28":0,"29":0,"30":805,"31":805,"32":805,"33":805,"34":2,"35":803,"36":803,"37":805,"38":805},"b":{"1":[805,0],"2":[805,0],"3":[2,7728],"4":[0,0],"5":[2,803]},"f":{"1":7,"2":14,"3":7,"4":805,"5":805,"6":805},"fnMap":{"1":{"name":"memcpy","line":46,"loc":{"start":{"line":46,"column":4},"end":{"line":67,"column":4}}},"2":{"name":"toSlice","line":74,"loc":{"start":{"line":74,"column":4},"end":{"line":80,"column":4}}},"3":{"name":"toString","line":87,"loc":{"start":{"line":87,"column":4},"end":{"line":96,"column":4}}},"4":{"name":"findPtr","line":100,"loc":{"start":{"line":100,"column":4},"end":{"line":150,"column":4}}},"5":{"name":"split","line":162,"loc":{"start":{"line":162,"column":4},"end":{"line":178,"column":4}}},"6":{"name":"split","line":189,"loc":{"start":{"line":189,"column":4},"end":{"line":195,"column":4}}}},"statementMap":{"1":{"start":{"line":52,"column":8},"end":{"line":52,"column":2300}},"2":{"start":{"line":56,"column":12},"end":{"line":56,"column":21}},"3":{"start":{"line":57,"column":12},"end":{"line":57,"column":20}},"4":{"start":{"line":61,"column":8},"end":{"line":61,"column":42}},"5":{"start":{"line":75,"column":8},"end":{"line":75,"column":19}},"6":{"start":{"line":79,"column":8},"end":{"line":79,"column":45}},"7":{"start":{"line":88,"column":8},"end":{"line":88,"column":49}},"8":{"start":{"line":89,"column":8},"end":{"line":89,"column":22}},"9":{"start":{"line":94,"column":8},"end":{"line":94,"column":43}},"10":{"start":{"line":95,"column":8},"end":{"line":95,"column":18}},"11":{"start":{"line":106,"column":8},"end":{"line":106,"column":29}},"12":{"start":{"line":107,"column":8},"end":{"line":107,"column":19}},"13":{"start":{"line":109,"column":8},"end":{"line":109,"column":3981}},"14":{"start":{"line":110,"column":12},"end":{"line":110,"column":4025}},"15":{"start":{"line":111,"column":16},"end":{"line":111,"column":72}},"16":{"start":{"line":113,"column":16},"end":{"line":113,"column":34}},"17":{"start":{"line":118,"column":16},"end":{"line":118,"column":59}},"18":{"start":{"line":119,"column":16},"end":{"line":119,"column":31}},"19":{"start":{"line":124,"column":16},"end":{"line":124,"column":4480}},"20":{"start":{"line":125,"column":20},"end":{"line":125,"column":60}},"21":{"start":{"line":125,"column":36},"end":{"line":125,"column":60}},"22":{"start":{"line":131,"column":16},"end":{"line":131,"column":26}},"23":{"start":{"line":134,"column":16},"end":{"line":134,"column":28}},"24":{"start":{"line":139,"column":16},"end":{"line":139,"column":4979}},"25":{"start":{"line":140,"column":20},"end":{"line":140,"column":36}},"26":{"start":{"line":144,"column":20},"end":{"line":144,"column":52}},"27":{"start":{"line":144,"column":42},"end":{"line":144,"column":52}},"28":{"start":{"line":145,"column":20},"end":{"line":145,"column":27}},"29":{"start":{"line":149,"column":8},"end":{"line":149,"column":32}},"30":{"start":{"line":167,"column":8},"end":{"line":167,"column":77}},"31":{"start":{"line":168,"column":8},"end":{"line":168,"column":29}},"32":{"start":{"line":169,"column":8},"end":{"line":169,"column":35}},"33":{"start":{"line":170,"column":8},"end":{"line":170,"column":6147}},"34":{"start":{"line":172,"column":12},"end":{"line":172,"column":24}},"35":{"start":{"line":174,"column":12},"end":{"line":174,"column":48}},"36":{"start":{"line":175,"column":12},"end":{"line":175,"column":40}},"37":{"start":{"line":177,"column":8},"end":{"line":177,"column":20}},"38":{"start":{"line":194,"column":8},"end":{"line":194,"column":33}}},"branchMap":{"1":{"line":109,"type":"if","locations":[{"start":{"line":109,"column":8},"end":{"line":109,"column":8}},{"start":{"line":109,"column":8},"end":{"line":109,"column":8}}]},"2":{"line":110,"type":"if","locations":[{"start":{"line":110,"column":12},"end":{"line":110,"column":12}},{"start":{"line":110,"column":12},"end":{"line":110,"column":12}}]},"3":{"line":125,"type":"if","locations":[{"start":{"line":125,"column":20},"end":{"line":125,"column":20}},{"start":{"line":125,"column":20},"end":{"line":125,"column":20}}]},"4":{"line":144,"type":"if","locations":[{"start":{"line":144,"column":20},"end":{"line":144,"column":20}},{"start":{"line":144,"column":20},"end":{"line":144,"column":20}}]},"5":{"line":170,"type":"if","locations":[{"start":{"line":170,"column":8},"end":{"line":170,"column":8}},{"start":{"line":170,"column":8},"end":{"line":170,"column":8}}]}}}}